<?xml version="1.0" encoding="UTF-8" ?>
<testsuite tests="23" failures="0" name="tests.TestAuth" time="678.78" errors="3" skipped="2">
  <properties>
[...]
</properties>
  <testcase classname="tests.TestAuth" name="ATestRegistrationEmpty" time="9.917"/>
  <testcase classname="tests.TestAuth" name="ATestRegistrationKeyTest" time="22.458"/>
  <testcase classname="tests.TestAuth" name="TestASettings" time="21.915"/>
  <testcase classname="tests.TestAuth" name="TestASettingsNet" time="45.177"/>
  <testcase classname="tests.TestAuth" name="TestASettingsNetForCheck" time="35.958"/>
  <testcase classname="tests.TestAuth" name="TestASettingsSMTPForInvalid" time="18.006"/>
  <testcase classname="tests.TestAuth" name="TestASettingsSMTPForValid" time="48.508"/>
  <testcase classname="tests.TestAuth" name="TestASettingsSendH323AndPolycom" time="0">
    <skipped/>
    <system-err>[main] INFO net.thucydides.core.Thucydides - Test Suite Started: Test auth
[main] INFO net.thucydides.core.Thucydides - 
  _____ _____ ____ _____   ____ _____  _    ____ _____ _____ ____  
 |_   _| ____/ ___|_   _| / ___|_   _|/ \  |  _ \_   _| ____|  _ \ 
   | | |  _| \___ \ | |   \___ \ | | / _ \ | |_) || | |  _| | | | |
   | | | |___ ___) || |    ___) || |/ ___ \|  _ &lt; | | | |___| |_| |
   |_| |_____|____/ |_|   |____/ |_/_/   \_\_| \_\|_| |_____|____/ 
                                                                   

TEST STARTED: TestASettingsSendH323AndPolycom
--------------------------------------------------------------------
[main] INFO net.thucydides.core.Thucydides - TEST NUMBER: 8
[main] INFO net.thucydides.core.Thucydides - TEST IGNORED
[main] INFO net.thucydides.core.Thucydides - TEST IGNORED
</system-err>
  </testcase>
  <testcase classname="tests.TestAuth" name="TestASettingsServerProxy" time="18.868"/>
  <testcase classname="tests.TestAuth" name="TestASettingsSipInvalidAutorization" time="16.755"/>
  <testcase classname="tests.TestAuth" name="TestASettingsSipInvalidServer" time="16.778"/>
  <testcase classname="tests.TestAuth" name="TestASettingsSipValidDate" time="16.892"/>
  <testcase classname="tests.TestAuth" name="TestASettingsWeb" time="12.43"/>
  <testcase classname="tests.TestAuth" name="TestASettingsWebGuestPageInvalid" time="15.245"/>
  <testcase classname="tests.TestAuth" name="TestASettingsWebGuestPageValid" time="23.747"/>
  <testcase classname="tests.TestAuth" name="TestASettingsWebSecurity" time="10.133"/>
  <testcase classname="tests.TestAuth" name="TestCreateForUsers" time="40.364"/>
  <testcase classname="tests.TestAuth" name="TestCreateForUsersForWebRTC" time="129.821">
    <error message="Timed out after 5 seconds waiting for net.thucydides.core.pages.WebElementFacadeImpl$4@692e028d
Build info: version: &apos;2.47.0&apos;, revision: &apos;0e4837e94b1fad0db93e88cd972ed3e235a22892&apos;, time: &apos;2015-07-29 15:58:41&apos;
System info: host: &apos;chivas16&apos;, ip: &apos;192.168.90.16&apos;, os.name: &apos;Windows Server 2012 R2&apos;, os.arch: &apos;amd64&apos;, os.version: &apos;6.3&apos;, java.version: &apos;1.8.0_60&apos;
Driver info: driver.version: unknown
Build info: version: &apos;2.47.0&apos;, revision: &apos;0e4837e94b1fad0db93e88cd972ed3e235a22892&apos;, time: &apos;2015-07-29 15:58:41&apos;
System info: host: &apos;chivas16&apos;, ip: &apos;192.168.90.16&apos;, os.name: &apos;Windows Server 2012 R2&apos;, os.arch: &apos;amd64&apos;, os.version: &apos;6.3&apos;, java.version: &apos;1.8.0_60&apos;
Driver info: driver.version: unknown" type="org.openqa.selenium.TimeoutException">org.openqa.selenium.TimeoutException: Timed out after 5 seconds waiting for net.thucydides.core.pages.WebElementFacadeImpl$4@692e028d
Build info: version: &apos;2.47.0&apos;, revision: &apos;0e4837e94b1fad0db93e88cd972ed3e235a22892&apos;, time: &apos;2015-07-29 15:58:41&apos;
System info: host: &apos;chivas16&apos;, ip: &apos;192.168.90.16&apos;, os.name: &apos;Windows Server 2012 R2&apos;, os.arch: &apos;amd64&apos;, os.version: &apos;6.3&apos;, java.version: &apos;1.8.0_60&apos;
Driver info: driver.version: unknown
Build info: version: &apos;2.47.0&apos;, revision: &apos;0e4837e94b1fad0db93e88cd972ed3e235a22892&apos;, time: &apos;2015-07-29 15:58:41&apos;
System info: host: &apos;chivas16&apos;, ip: &apos;192.168.90.16&apos;, os.name: &apos;Windows Server 2012 R2&apos;, os.arch: &apos;amd64&apos;, os.version: &apos;6.3&apos;, java.version: &apos;1.8.0_60&apos;
Driver info: driver.version: unknown
	at page.GroupConferention.GroupConference.setEditGroup(GroupConference.java:385)
	at steps.GroupConferenceSteps.GroupConferenceSteps.editGroup(GroupConferenceSteps.java:197)
	at tests.TestAuth.TestCreateForUsersForWebRTC(TestAuth.java:368)
</error>
    <system-out>org.openqa.selenium.TimeoutException: Timed out after 5 seconds waiting for net.thucydides.core.pages.WebElementFacadeImpl$4@692e028d
Build info: version: &apos;2.47.0&apos;, revision: &apos;0e4837e94b1fad0db93e88cd972ed3e235a22892&apos;, time: &apos;2015-07-29 15:58:41&apos;
System info: host: &apos;chivas16&apos;, ip: &apos;192.168.90.16&apos;, os.name: &apos;Windows Server 2012 R2&apos;, os.arch: &apos;amd64&apos;, os.version: &apos;6.3&apos;, java.version: &apos;1.8.0_60&apos;
Driver info: driver.version: unknown
Build info: version: &apos;2.47.0&apos;, revision: &apos;0e4837e94b1fad0db93e88cd972ed3e235a22892&apos;, time: &apos;2015-07-29 15:58:41&apos;
System info: host: &apos;chivas16&apos;, ip: &apos;192.168.90.16&apos;, os.name: &apos;Windows Server 2012 R2&apos;, os.arch: &apos;amd64&apos;, os.version: &apos;6.3&apos;, java.version: &apos;1.8.0_60&apos;
Driver info: driver.version: unknown
</system-out>
    <system-err>[main] INFO net.thucydides.core.Thucydides - Test Suite Started: Test auth
[main] INFO net.thucydides.core.Thucydides - 
  _____ _____ ____ _____   ____ _____  _    ____ _____ _____ ____  
 |_   _| ____/ ___|_   _| / ___|_   _|/ \  |  _ \_   _| ____|  _ \ 
   | | |  _| \___ \ | |   \___ \ | | / _ \ | |_) || | |  _| | | | |
   | | | |___ ___) || |    ___) || |/ ___ \|  _ &lt; | | | |___| |_| |
   |_| |_____|____/ |_|   |____/ |_/_/   \_\_| \_\|_| |_____|____/ 
                                                                   

TEST STARTED: TestCreateForUsersForWebRTC
--------------------------------------------------------------------
[main] INFO net.thucydides.core.Thucydides - TEST NUMBER: 18
[main] INFO net.thucydides.core.steps.StepInterceptor - STARTING STEP: start_browser
Starting ChromeDriver 2.16.333243 (0bfa1d3575fc1044244f21ddb82bf870944ef961) on port 6812
Only local connections are allowed.
[main] INFO net.thucydides.core.steps.StepInterceptor - STEP DONE: start_browser
[main] INFO net.thucydides.core.steps.StepInterceptor - STARTING STEP: clickGroupConf
[main] INFO net.thucydides.core.steps.StepInterceptor - STEP DONE: clickGroupConf
[main] INFO net.thucydides.core.steps.StepInterceptor - STARTING STEP: clickCreateConf
[main] INFO net.thucydides.core.steps.StepInterceptor - STEP DONE: clickCreateConf
[main] INFO net.thucydides.core.steps.StepInterceptor - STARTING STEP: newCreateGroup
[main] INFO net.thucydides.core.steps.StepInterceptor - STEP DONE: newCreateGroup
[main] INFO net.thucydides.core.steps.StepInterceptor - STARTING STEP: checkConferenceMode
[main] INFO net.thucydides.core.steps.StepInterceptor - STEP DONE: checkConferenceMode
[main] INFO net.thucydides.core.steps.StepInterceptor - STARTING STEP: enterNameConferenceGroup
[main] INFO net.thucydides.core.steps.StepInterceptor - STEP DONE: enterNameConferenceGroup
[main] INFO net.thucydides.core.steps.StepInterceptor - STARTING STEP: checkHostForGroup
[main] INFO net.thucydides.core.steps.StepInterceptor - STEP DONE: checkHostForGroup
[main] INFO net.thucydides.core.steps.StepInterceptor - STARTING STEP: choosePeopleConferenceAll
[main] INFO net.thucydides.core.steps.StepInterceptor - STEP DONE: choosePeopleConferenceAll
[main] INFO net.thucydides.core.steps.StepInterceptor - STARTING STEP: chooseForSearch
[main] INFO net.thucydides.core.steps.StepInterceptor - STARTING STEP: chooseForSearchGroup
[main] INFO net.thucydides.core.steps.StepInterceptor - STEP DONE: chooseForSearchGroup
[main] INFO net.thucydides.core.steps.StepInterceptor - STARTING STEP: chooseForSearchGroup1
[main] INFO net.thucydides.core.steps.StepInterceptor - STEP DONE: chooseForSearchGroup1
[main] INFO net.thucydides.core.steps.StepInterceptor - STEP DONE: chooseForSearch
[main] INFO net.thucydides.core.steps.StepInterceptor - STARTING STEP: choosePeopleConference
[main] INFO net.thucydides.core.steps.StepInterceptor - STARTING STEP: chooseUser1
[main] INFO net.thucydides.core.steps.StepInterceptor - STEP DONE: chooseUser1
[main] INFO net.thucydides.core.steps.StepInterceptor - STARTING STEP: chooseUser2
[main] INFO net.thucydides.core.steps.StepInterceptor - STEP DONE: chooseUser2
[main] INFO net.thucydides.core.steps.StepInterceptor - STARTING STEP: deleteUser2
[main] INFO net.thucydides.core.steps.StepInterceptor - STEP DONE: deleteUser2
[main] INFO net.thucydides.core.steps.StepInterceptor - STEP DONE: choosePeopleConference
[main] INFO net.thucydides.core.steps.StepInterceptor - STARTING STEP: chooseUsersForIdAndMail
[main] INFO net.thucydides.core.steps.StepInterceptor - STARTING STEP: chosePeopleID
[main] INFO net.thucydides.core.steps.StepInterceptor - STEP DONE: chosePeopleID
[main] INFO net.thucydides.core.steps.StepInterceptor - STARTING STEP: chosePeopleMail
[main] INFO net.thucydides.core.steps.StepInterceptor - STEP DONE: chosePeopleMail
[main] INFO net.thucydides.core.steps.StepInterceptor - STEP DONE: chooseUsersForIdAndMail
[main] INFO net.thucydides.core.steps.StepInterceptor - STARTING STEP: chooseDataConference
[main] INFO net.thucydides.core.steps.StepInterceptor - STEP DONE: chooseDataConference
[main] INFO net.thucydides.core.steps.StepInterceptor - STARTING STEP: chooseDataForNonrecurrent
[main] INFO net.thucydides.core.steps.StepInterceptor - STARTING STEP: chooseDataClick
[main] INFO net.thucydides.core.steps.StepInterceptor - STEP DONE: chooseDataClick
[main] INFO net.thucydides.core.steps.StepInterceptor - STARTING STEP: chooseCheckHours
[main] INFO net.thucydides.core.steps.StepInterceptor - STEP DONE: chooseCheckHours
[main] INFO net.thucydides.core.steps.StepInterceptor - STARTING STEP: chooseCheckMinute
[main] INFO net.thucydides.core.steps.StepInterceptor - STEP DONE: chooseCheckMinute
[main] INFO net.thucydides.core.steps.StepInterceptor - STARTING STEP: chooseCloseTime
[main] INFO net.thucydides.core.steps.StepInterceptor - STEP DONE: chooseCloseTime
[main] INFO net.thucydides.core.steps.StepInterceptor - STARTING STEP: chooseClickRegion
[main] INFO net.thucydides.core.steps.StepInterceptor - STEP DONE: chooseClickRegion
[main] INFO net.thucydides.core.steps.StepInterceptor - STEP DONE: chooseDataForNonrecurrent
[main] INFO net.thucydides.core.steps.StepInterceptor - STARTING STEP: chooseDataForEveryDay
[main] INFO net.thucydides.core.steps.StepInterceptor - STARTING STEP: chooseEveryWeek
[main] INFO net.thucydides.core.steps.StepInterceptor - STEP DONE: chooseEveryWeek
[main] INFO net.thucydides.core.steps.StepInterceptor - STARTING STEP: chooseNoWeek
[main] INFO net.thucydides.core.steps.StepInterceptor - STEP DONE: chooseNoWeek
[main] INFO net.thucydides.core.steps.StepInterceptor - STARTING STEP: chooseCheckMonday
[main] INFO net.thucydides.core.steps.StepInterceptor - STEP DONE: chooseCheckMonday
[main] INFO net.thucydides.core.steps.StepInterceptor - STARTING STEP: chooseTimeForWeek
[main] INFO net.thucydides.core.steps.StepInterceptor - STEP DONE: chooseTimeForWeek
[main] INFO net.thucydides.core.steps.StepInterceptor - STARTING STEP: chooseTimeNow
[main] INFO net.thucydides.core.steps.StepInterceptor - STEP DONE: chooseTimeNow
[main] INFO net.thucydides.core.steps.StepInterceptor - STEP DONE: chooseDataForEveryDay
[main] INFO net.thucydides.core.steps.StepInterceptor - STARTING STEP: enterDescription
[main] INFO net.thucydides.core.steps.StepInterceptor - STEP DONE: enterDescription
[main] INFO net.thucydides.core.steps.StepInterceptor - STARTING STEP: clickSaveConference
[main] INFO net.thucydides.core.steps.StepInterceptor - STEP DONE: clickSaveConference
[main] INFO net.thucydides.core.steps.StepInterceptor - STARTING STEP: expectedResultForGroup
[main] INFO net.thucydides.core.steps.StepInterceptor - STEP DONE: expectedResultForGroup
[main] INFO net.thucydides.core.steps.StepInterceptor - STARTING STEP: editGroup
[main] INFO net.thucydides.core.steps.StepInterceptor - STEP FAILED: editGroup - Expected enabled element was not enabled
Build info: version: &apos;2.47.0&apos;, revision: &apos;0e4837e94b1fad0db93e88cd972ed3e235a22892&apos;, time: &apos;2015-07-29 15:58:41&apos;
System info: host: &apos;chivas16&apos;, ip: &apos;192.168.90.16&apos;, os.name: &apos;Windows Server 2012 R2&apos;, os.arch: &apos;amd64&apos;, os.version: &apos;6.3&apos;, java.version: &apos;1.8.0_60&apos;
Driver info: driver.version: unknown
[main] INFO net.thucydides.core.steps.StepInterceptor - SKIPPED STEP: runGroup
[main] INFO net.thucydides.core.steps.StepInterceptor - SKIPPED STEP: clickGroupConf
[main] INFO net.thucydides.core.steps.StepInterceptor - SKIPPED STEP: editGroupRtc
[main] INFO net.thucydides.core.steps.StepInterceptor - SKIPPED STEP: expectedResultRtc
[main] INFO net.thucydides.core.steps.StepInterceptor - SKIPPED STEP: inputLoginForRTC
[main] INFO net.thucydides.core.steps.StepInterceptor - SKIPPED STEP: clickEnterExpectedResult
[main] INFO net.thucydides.core.steps.StepInterceptor - SKIPPED STEP: expectedResultForExitFromUser
[main] INFO net.thucydides.core.steps.StepInterceptor - SKIPPED STEP: expectedResultDeleteGroup
</system-err>
  </testcase>
  <testcase classname="tests.TestAuth" name="TestCreateForWebRTCGuest" time="107.285">
    <error message="Timed out after 5 seconds waiting for net.thucydides.core.pages.WebElementFacadeImpl$4@6c9320c2
Build info: version: &apos;2.47.0&apos;, revision: &apos;0e4837e94b1fad0db93e88cd972ed3e235a22892&apos;, time: &apos;2015-07-29 15:58:41&apos;
System info: host: &apos;chivas16&apos;, ip: &apos;192.168.90.16&apos;, os.name: &apos;Windows Server 2012 R2&apos;, os.arch: &apos;amd64&apos;, os.version: &apos;6.3&apos;, java.version: &apos;1.8.0_60&apos;
Driver info: driver.version: unknown
Build info: version: &apos;2.47.0&apos;, revision: &apos;0e4837e94b1fad0db93e88cd972ed3e235a22892&apos;, time: &apos;2015-07-29 15:58:41&apos;
System info: host: &apos;chivas16&apos;, ip: &apos;192.168.90.16&apos;, os.name: &apos;Windows Server 2012 R2&apos;, os.arch: &apos;amd64&apos;, os.version: &apos;6.3&apos;, java.version: &apos;1.8.0_60&apos;
Driver info: driver.version: unknown" type="org.openqa.selenium.TimeoutException">org.openqa.selenium.TimeoutException: Timed out after 5 seconds waiting for net.thucydides.core.pages.WebElementFacadeImpl$4@6c9320c2
Build info: version: &apos;2.47.0&apos;, revision: &apos;0e4837e94b1fad0db93e88cd972ed3e235a22892&apos;, time: &apos;2015-07-29 15:58:41&apos;
System info: host: &apos;chivas16&apos;, ip: &apos;192.168.90.16&apos;, os.name: &apos;Windows Server 2012 R2&apos;, os.arch: &apos;amd64&apos;, os.version: &apos;6.3&apos;, java.version: &apos;1.8.0_60&apos;
Driver info: driver.version: unknown
Build info: version: &apos;2.47.0&apos;, revision: &apos;0e4837e94b1fad0db93e88cd972ed3e235a22892&apos;, time: &apos;2015-07-29 15:58:41&apos;
System info: host: &apos;chivas16&apos;, ip: &apos;192.168.90.16&apos;, os.name: &apos;Windows Server 2012 R2&apos;, os.arch: &apos;amd64&apos;, os.version: &apos;6.3&apos;, java.version: &apos;1.8.0_60&apos;
Driver info: driver.version: unknown
	at page.GroupConferention.WebRtc.setClickWerRTC(WebRtc.java:114)
	at steps.GroupConferenceSteps.WebRTCSteps.expectedResultRtc(WebRTCSteps.java:37)
	at tests.TestAuth.TestCreateForWebRTCGuest(TestAuth.java:210)
</error>
    <system-out>org.openqa.selenium.TimeoutException: Timed out after 5 seconds waiting for net.thucydides.core.pages.WebElementFacadeImpl$4@6c9320c2
Build info: version: &apos;2.47.0&apos;, revision: &apos;0e4837e94b1fad0db93e88cd972ed3e235a22892&apos;, time: &apos;2015-07-29 15:58:41&apos;
System info: host: &apos;chivas16&apos;, ip: &apos;192.168.90.16&apos;, os.name: &apos;Windows Server 2012 R2&apos;, os.arch: &apos;amd64&apos;, os.version: &apos;6.3&apos;, java.version: &apos;1.8.0_60&apos;
Driver info: driver.version: unknown
Build info: version: &apos;2.47.0&apos;, revision: &apos;0e4837e94b1fad0db93e88cd972ed3e235a22892&apos;, time: &apos;2015-07-29 15:58:41&apos;
System info: host: &apos;chivas16&apos;, ip: &apos;192.168.90.16&apos;, os.name: &apos;Windows Server 2012 R2&apos;, os.arch: &apos;amd64&apos;, os.version: &apos;6.3&apos;, java.version: &apos;1.8.0_60&apos;
Driver info: driver.version: unknown
</system-out>
    <system-err>[main] INFO net.thucydides.core.Thucydides - Test Suite Started: Test auth
[main] INFO net.thucydides.core.Thucydides - 
  _____ _____ ____ _____   ____ _____  _    ____ _____ _____ ____  
 |_   _| ____/ ___|_   _| / ___|_   _|/ \  |  _ \_   _| ____|  _ \ 
   | | |  _| \___ \ | |   \___ \ | | / _ \ | |_) || | |  _| | | | |
   | | | |___ ___) || |    ___) || |/ ___ \|  _ &lt; | | | |___| |_| |
   |_| |_____|____/ |_|   |____/ |_/_/   \_\_| \_\|_| |_____|____/ 
                                                                   

TEST STARTED: TestCreateForWebRTCGuest
--------------------------------------------------------------------
[main] INFO net.thucydides.core.Thucydides - TEST NUMBER: 19
[main] INFO net.thucydides.core.steps.StepInterceptor - STARTING STEP: start_browser
Starting ChromeDriver 2.16.333243 (0bfa1d3575fc1044244f21ddb82bf870944ef961) on port 38177
Only local connections are allowed.
[main] INFO net.thucydides.core.steps.StepInterceptor - STEP DONE: start_browser
[main] INFO net.thucydides.core.steps.StepInterceptor - STARTING STEP: clickGroupConf
[main] INFO net.thucydides.core.steps.StepInterceptor - STEP DONE: clickGroupConf
[main] INFO net.thucydides.core.steps.StepInterceptor - STARTING STEP: clickCreateConf
[main] INFO net.thucydides.core.steps.StepInterceptor - STEP DONE: clickCreateConf
[main] INFO net.thucydides.core.steps.StepInterceptor - STARTING STEP: newCreateGroupPublic
[main] INFO net.thucydides.core.steps.StepInterceptor - STEP DONE: newCreateGroupPublic
[main] INFO net.thucydides.core.steps.StepInterceptor - STARTING STEP: checkConferenceMode
[main] INFO net.thucydides.core.steps.StepInterceptor - STEP DONE: checkConferenceMode
[main] INFO net.thucydides.core.steps.StepInterceptor - STARTING STEP: enterNameConferenceGroup
[main] INFO net.thucydides.core.steps.StepInterceptor - STEP DONE: enterNameConferenceGroup
[main] INFO net.thucydides.core.steps.StepInterceptor - STARTING STEP: checkHostForGroup
[main] INFO net.thucydides.core.steps.StepInterceptor - STEP DONE: checkHostForGroup
[main] INFO net.thucydides.core.steps.StepInterceptor - STARTING STEP: clickCheckboxAllow
[main] INFO net.thucydides.core.steps.StepInterceptor - STEP DONE: clickCheckboxAllow
[main] INFO net.thucydides.core.steps.StepInterceptor - STARTING STEP: enterDescription
[main] INFO net.thucydides.core.steps.StepInterceptor - STEP DONE: enterDescription
[main] INFO net.thucydides.core.steps.StepInterceptor - STARTING STEP: clickSaveConference
[main] INFO net.thucydides.core.steps.StepInterceptor - STEP DONE: clickSaveConference
[main] INFO net.thucydides.core.steps.StepInterceptor - STARTING STEP: expectedResultForGroupGuest
[main] INFO net.thucydides.core.steps.StepInterceptor - STEP DONE: expectedResultForGroupGuest
[main] INFO net.thucydides.core.steps.StepInterceptor - STARTING STEP: editGroupRtcGuest
[main] INFO net.thucydides.core.steps.StepInterceptor - STEP DONE: editGroupRtcGuest
[main] INFO net.thucydides.core.steps.StepInterceptor - STARTING STEP: expectedResultRtc
[main] INFO net.thucydides.core.steps.StepInterceptor - STEP FAILED: expectedResultRtc - Expected enabled element was not enabled
Build info: version: &apos;2.47.0&apos;, revision: &apos;0e4837e94b1fad0db93e88cd972ed3e235a22892&apos;, time: &apos;2015-07-29 15:58:41&apos;
System info: host: &apos;chivas16&apos;, ip: &apos;192.168.90.16&apos;, os.name: &apos;Windows Server 2012 R2&apos;, os.arch: &apos;amd64&apos;, os.version: &apos;6.3&apos;, java.version: &apos;1.8.0_60&apos;
Driver info: driver.version: unknown
[main] INFO net.thucydides.core.steps.StepInterceptor - SKIPPED STEP: clickEnterHowGuest
[main] INFO net.thucydides.core.steps.StepInterceptor - SKIPPED STEP: expectedResultForGuestName
[main] INFO net.thucydides.core.steps.StepInterceptor - SKIPPED STEP: clickQuiteFromGuestUser
[main] INFO net.thucydides.core.steps.StepInterceptor - SKIPPED STEP: expectedResultForExitFromGuestPage
[main] INFO net.thucydides.core.steps.StepInterceptor - SKIPPED STEP: expectedResultDeleteGroup
</system-err>
  </testcase>
  <testcase classname="tests.TestAuth" name="TestGroupForUsers" time="24.685"/>
  <testcase classname="tests.TestAuth" name="TestLDAPUsers" time="0">
    <skipped/>
    <system-err>[main] INFO net.thucydides.core.Thucydides - Test Suite Started: Test auth
[main] INFO net.thucydides.core.Thucydides - 
  _____ _____ ____ _____   ____ _____  _    ____ _____ _____ ____  
 |_   _| ____/ ___|_   _| / ___|_   _|/ \  |  _ \_   _| ____|  _ \ 
   | | |  _| \___ \ | |   \___ \ | | / _ \ | |_) || | |  _| | | | |
   | | | |___ ___) || |    ___) || |/ ___ \|  _ &lt; | | | |___| |_| |
   |_| |_____|____/ |_|   |____/ |_/_/   \_\_| \_\|_| |_____|____/ 
                                                                   

TEST STARTED: TestLDAPUsers
--------------------------------------------------------------------
[main] INFO net.thucydides.core.Thucydides - TEST NUMBER: 21
[main] INFO net.thucydides.core.Thucydides - TEST IGNORED
[main] INFO net.thucydides.core.Thucydides - TEST IGNORED
</system-err>
  </testcase>
  <testcase classname="tests.TestAuth" name="TestLetDeleteUsersANdConference" time="14.28">
    <error message="Timed out after 5 seconds waiting for net.thucydides.core.pages.WebElementFacadeImpl$4@44f24a20
Build info: version: &apos;2.47.0&apos;, revision: &apos;0e4837e94b1fad0db93e88cd972ed3e235a22892&apos;, time: &apos;2015-07-29 15:58:41&apos;
System info: host: &apos;chivas16&apos;, ip: &apos;192.168.90.16&apos;, os.name: &apos;Windows Server 2012 R2&apos;, os.arch: &apos;amd64&apos;, os.version: &apos;6.3&apos;, java.version: &apos;1.8.0_60&apos;
Driver info: driver.version: unknown
Build info: version: &apos;2.47.0&apos;, revision: &apos;0e4837e94b1fad0db93e88cd972ed3e235a22892&apos;, time: &apos;2015-07-29 15:58:41&apos;
System info: host: &apos;chivas16&apos;, ip: &apos;192.168.90.16&apos;, os.name: &apos;Windows Server 2012 R2&apos;, os.arch: &apos;amd64&apos;, os.version: &apos;6.3&apos;, java.version: &apos;1.8.0_60&apos;
Driver info: driver.version: unknown" type="org.openqa.selenium.TimeoutException">org.openqa.selenium.TimeoutException: Timed out after 5 seconds waiting for net.thucydides.core.pages.WebElementFacadeImpl$4@44f24a20
Build info: version: &apos;2.47.0&apos;, revision: &apos;0e4837e94b1fad0db93e88cd972ed3e235a22892&apos;, time: &apos;2015-07-29 15:58:41&apos;
System info: host: &apos;chivas16&apos;, ip: &apos;192.168.90.16&apos;, os.name: &apos;Windows Server 2012 R2&apos;, os.arch: &apos;amd64&apos;, os.version: &apos;6.3&apos;, java.version: &apos;1.8.0_60&apos;
Driver info: driver.version: unknown
Build info: version: &apos;2.47.0&apos;, revision: &apos;0e4837e94b1fad0db93e88cd972ed3e235a22892&apos;, time: &apos;2015-07-29 15:58:41&apos;
System info: host: &apos;chivas16&apos;, ip: &apos;192.168.90.16&apos;, os.name: &apos;Windows Server 2012 R2&apos;, os.arch: &apos;amd64&apos;, os.version: &apos;6.3&apos;, java.version: &apos;1.8.0_60&apos;
Driver info: driver.version: unknown
	at page.Users.UsersPage.setHover(UsersPage.java:161)
	at steps.UsersSteps.UsersSteps.actionHover(UsersSteps.java:61)
	at tests.TestAuth.TestLetDeleteUsersANdConference(TestAuth.java:412)
</error>
    <system-out>org.openqa.selenium.TimeoutException: Timed out after 5 seconds waiting for net.thucydides.core.pages.WebElementFacadeImpl$4@44f24a20
Build info: version: &apos;2.47.0&apos;, revision: &apos;0e4837e94b1fad0db93e88cd972ed3e235a22892&apos;, time: &apos;2015-07-29 15:58:41&apos;
System info: host: &apos;chivas16&apos;, ip: &apos;192.168.90.16&apos;, os.name: &apos;Windows Server 2012 R2&apos;, os.arch: &apos;amd64&apos;, os.version: &apos;6.3&apos;, java.version: &apos;1.8.0_60&apos;
Driver info: driver.version: unknown
Build info: version: &apos;2.47.0&apos;, revision: &apos;0e4837e94b1fad0db93e88cd972ed3e235a22892&apos;, time: &apos;2015-07-29 15:58:41&apos;
System info: host: &apos;chivas16&apos;, ip: &apos;192.168.90.16&apos;, os.name: &apos;Windows Server 2012 R2&apos;, os.arch: &apos;amd64&apos;, os.version: &apos;6.3&apos;, java.version: &apos;1.8.0_60&apos;
Driver info: driver.version: unknown
</system-out>
    <system-err>[main] INFO net.thucydides.core.Thucydides - Test Suite Started: Test auth
[main] INFO net.thucydides.core.Thucydides - 
  _____ _____ ____ _____   ____ _____  _    ____ _____ _____ ____  
 |_   _| ____/ ___|_   _| / ___|_   _|/ \  |  _ \_   _| ____|  _ \ 
   | | |  _| \___ \ | |   \___ \ | | / _ \ | |_) || | |  _| | | | |
   | | | |___ ___) || |    ___) || |/ ___ \|  _ &lt; | | | |___| |_| |
   |_| |_____|____/ |_|   |____/ |_/_/   \_\_| \_\|_| |_____|____/ 
                                                                   

TEST STARTED: TestLetDeleteUsersANdConference
--------------------------------------------------------------------
[main] INFO net.thucydides.core.Thucydides - TEST NUMBER: 22
[main] INFO net.thucydides.core.steps.StepInterceptor - STARTING STEP: start_browser
Starting ChromeDriver 2.16.333243 (0bfa1d3575fc1044244f21ddb82bf870944ef961) on port 37071
Only local connections are allowed.
[main] INFO net.thucydides.core.steps.StepInterceptor - STEP DONE: start_browser
[main] INFO net.thucydides.core.steps.StepInterceptor - STARTING STEP: clickLink
[main] INFO net.thucydides.core.steps.StepInterceptor - STEP DONE: clickLink
[main] INFO net.thucydides.core.steps.StepInterceptor - STARTING STEP: actionHover
[main] INFO net.thucydides.core.steps.StepInterceptor - STEP FAILED: actionHover - Expected enabled element was not enabled
Build info: version: &apos;2.47.0&apos;, revision: &apos;0e4837e94b1fad0db93e88cd972ed3e235a22892&apos;, time: &apos;2015-07-29 15:58:41&apos;
System info: host: &apos;chivas16&apos;, ip: &apos;192.168.90.16&apos;, os.name: &apos;Windows Server 2012 R2&apos;, os.arch: &apos;amd64&apos;, os.version: &apos;6.3&apos;, java.version: &apos;1.8.0_60&apos;
Driver info: driver.version: unknown
[main] INFO net.thucydides.core.steps.StepInterceptor - SKIPPED STEP: AssertDelete
</system-err>
  </testcase>
  <testcase classname="tests.TestAuth" name="TestLocalisation" time="29.558"/>
</testsuite>